CRITICAL - 2024-11-21 08:50:00 --> ErrorException: Cannot redeclare App\Controllers\Blog::AAA()
[Method: GET, Route: blog/AAA]
in APPPATH\Controllers\Blog.php on line 17.
 1 [internal function]: CodeIgniter\Debug\Exceptions->shutdownHandler()
CRITICAL - 2024-11-21 08:50:23 --> ArgumentCountError: Too few arguments to function App\Controllers\Blog::bbb(), 0 passed in C:\xampp\htdocs\mycodeigniter4\system\CodeIgniter.php on line 933 and exactly 1 expected
[Method: GET, Route: blog/bbb]
in APPPATH\Controllers\Blog.php on line 17.
 1 SYSTEMPATH\CodeIgniter.php(933): App\Controllers\Blog->bbb()
 2 SYSTEMPATH\CodeIgniter.php(509): CodeIgniter\CodeIgniter->runController(Object(App\Controllers\Blog))
 3 SYSTEMPATH\CodeIgniter.php(355): CodeIgniter\CodeIgniter->handleRequest(null, Object(Config\Cache), false)
 4 SYSTEMPATH\Boot.php(325): CodeIgniter\CodeIgniter->run()
 5 SYSTEMPATH\Boot.php(67): CodeIgniter\Boot::runCodeIgniter(Object(CodeIgniter\CodeIgniter))
 6 FCPATH\index.php(56): CodeIgniter\Boot::bootWeb(Object(Config\Paths))
CRITICAL - 2024-11-21 08:50:50 --> ArgumentCountError: Too few arguments to function App\Controllers\Blog::bbb(), 0 passed in C:\xampp\htdocs\mycodeigniter4\system\CodeIgniter.php on line 933 and exactly 1 expected
[Method: GET, Route: blog/bbb]
in APPPATH\Controllers\Blog.php on line 17.
 1 SYSTEMPATH\CodeIgniter.php(933): App\Controllers\Blog->bbb()
 2 SYSTEMPATH\CodeIgniter.php(509): CodeIgniter\CodeIgniter->runController(Object(App\Controllers\Blog))
 3 SYSTEMPATH\CodeIgniter.php(355): CodeIgniter\CodeIgniter->handleRequest(null, Object(Config\Cache), false)
 4 SYSTEMPATH\Boot.php(325): CodeIgniter\CodeIgniter->run()
 5 SYSTEMPATH\Boot.php(67): CodeIgniter\Boot::runCodeIgniter(Object(CodeIgniter\CodeIgniter))
 6 FCPATH\index.php(56): CodeIgniter\Boot::bootWeb(Object(Config\Paths))
CRITICAL - 2024-11-21 08:51:07 --> ArgumentCountError: Too few arguments to function App\Controllers\Blog::bbb(), 0 passed in C:\xampp\htdocs\mycodeigniter4\system\CodeIgniter.php on line 933 and exactly 1 expected
[Method: GET, Route: blog/bbb]
in APPPATH\Controllers\Blog.php on line 17.
 1 SYSTEMPATH\CodeIgniter.php(933): App\Controllers\Blog->bbb()
 2 SYSTEMPATH\CodeIgniter.php(509): CodeIgniter\CodeIgniter->runController(Object(App\Controllers\Blog))
 3 SYSTEMPATH\CodeIgniter.php(355): CodeIgniter\CodeIgniter->handleRequest(null, Object(Config\Cache), false)
 4 SYSTEMPATH\Boot.php(325): CodeIgniter\CodeIgniter->run()
 5 SYSTEMPATH\Boot.php(67): CodeIgniter\Boot::runCodeIgniter(Object(CodeIgniter\CodeIgniter))
 6 FCPATH\index.php(56): CodeIgniter\Boot::bootWeb(Object(Config\Paths))
CRITICAL - 2024-11-21 08:53:39 --> ArgumentCountError: Too few arguments to function App\Controllers\Blog::bbb(), 0 passed in C:\xampp\htdocs\mycodeigniter4\system\CodeIgniter.php on line 933 and exactly 1 expected
[Method: GET, Route: blog/bbb]
in APPPATH\Controllers\Blog.php on line 17.
 1 SYSTEMPATH\CodeIgniter.php(933): App\Controllers\Blog->bbb()
 2 SYSTEMPATH\CodeIgniter.php(509): CodeIgniter\CodeIgniter->runController(Object(App\Controllers\Blog))
 3 SYSTEMPATH\CodeIgniter.php(355): CodeIgniter\CodeIgniter->handleRequest(null, Object(Config\Cache), false)
 4 SYSTEMPATH\Boot.php(325): CodeIgniter\CodeIgniter->run()
 5 SYSTEMPATH\Boot.php(67): CodeIgniter\Boot::runCodeIgniter(Object(CodeIgniter\CodeIgniter))
 6 FCPATH\index.php(56): CodeIgniter\Boot::bootWeb(Object(Config\Paths))
